<?xml version="1.0" encoding="UTF-8"?>
<!-- Generated by org.testng.reporters.JUnitXMLReporter -->
<testsuite ignored="0" hostname="IN-PG02P5RB" failures="0" tests="5" name="Test" time="83.65" errors="0" timestamp="03 Jun 2022 17:18:50 GMT">
  <testcase classname="cucumber.api.testng.AbstractTestNGCucumberTests" name="feature" time="17.324"/>
  <testcase classname="cucumber.api.testng.AbstractTestNGCucumberTests" name="feature" time="26.273"/>
  <testcase classname="cucumber.api.testng.AbstractTestNGCucumberTests" name="feature" time="9.249"/>
  <testcase classname="cucumber.api.testng.AbstractTestNGCucumberTests" name="feature" time="15.901"/>
  <testcase classname="cucumber.api.testng.AbstractTestNGCucumberTests" name="feature" time="14.433"/>
</testsuite> <!-- Test -->
